\BOOKMARK [0][-]{chapter*.2}{\376\377\000H\000A\000L\000A\000M\000A\000N\000\040\000P\000E\000N\000G\000E\000S\000A\000H\000A\000N}{}% 1
\BOOKMARK [0][-]{chapter*.4}{\376\377\000P\000E\000R\000N\000Y\000A\000T\000A\000A\000N\000\040\000B\000E\000B\000A\000S\000\040\000P\000L\000A\000G\000I\000A\000S\000I}{}% 2
\BOOKMARK [0][-]{chapter*.6}{\376\377\000H\000A\000L\000A\000M\000A\000N\000\040\000P\000E\000R\000S\000E\000M\000B\000A\000H\000A\000N}{}% 3
\BOOKMARK [0][-]{Item.3}{\376\377\000K\000A\000T\000A\000\040\000P\000E\000N\000G\000A\000N\000T\000A\000R}{}% 4
\BOOKMARK [0][-]{section*.9}{\376\377\000D\000A\000F\000T\000A\000R\000\040\000I\000S\000I}{}% 5
\BOOKMARK [0][-]{section*.10}{\376\377\000D\000A\000F\000T\000A\000R\000\040\000T\000A\000B\000E\000L}{}% 6
\BOOKMARK [0][-]{section*.11}{\376\377\000D\000A\000F\000T\000A\000R\000\040\000G\000A\000M\000B\000A\000R}{}% 7
\BOOKMARK [0][-]{chapter*.13}{\376\377\000D\000A\000F\000T\000A\000R\000\040\000S\000I\000N\000G\000K\000A\000T\000A\000N}{}% 8
\BOOKMARK [0][-]{chapter*.15}{\376\377\000I\000N\000T\000I\000S\000A\000R\000I}{}% 9
\BOOKMARK [0][-]{chapter*.17}{\376\377\000A\000B\000S\000T\000R\000A\000C\000T}{}% 10
\BOOKMARK [0][-]{chapter.1}{\376\377\000I\000\040\000P\000e\000n\000d\000a\000h\000u\000l\000u\000a\000n}{}% 11
\BOOKMARK [1][-]{section.1.1}{\376\377\0001\000.\0001\000\040\000L\000a\000t\000a\000r\000\040\000B\000e\000l\000a\000k\000a\000n\000g}{chapter.1}% 12
\BOOKMARK [1][-]{section.1.2}{\376\377\0001\000.\0002\000\040\000R\000u\000m\000u\000s\000a\000n\000\040\000M\000a\000s\000a\000l\000a\000h}{chapter.1}% 13
\BOOKMARK [1][-]{section.1.3}{\376\377\0001\000.\0003\000\040\000T\000u\000j\000u\000a\000n\000\040\000P\000e\000n\000e\000l\000i\000t\000i\000a\000n}{chapter.1}% 14
\BOOKMARK [1][-]{section.1.4}{\376\377\0001\000.\0004\000\040\000B\000a\000t\000a\000s\000a\000n\000\040\000P\000e\000n\000e\000l\000i\000t\000i\000a\000n}{chapter.1}% 15
\BOOKMARK [1][-]{section.1.5}{\376\377\0001\000.\0005\000\040\000M\000a\000n\000f\000a\000a\000t\000\040\000P\000e\000n\000e\000l\000i\000t\000i\000a\000n}{chapter.1}% 16
\BOOKMARK [1][-]{section.1.6}{\376\377\0001\000.\0006\000\040\000S\000i\000s\000t\000e\000m\000a\000t\000i\000k\000a\000\040\000P\000e\000n\000u\000l\000i\000s\000a\000n}{chapter.1}% 17
\BOOKMARK [0][-]{chapter.2}{\376\377\000I\000I\000\040\000T\000i\000n\000j\000a\000u\000a\000n\000\040\000P\000u\000s\000t\000a\000k\000a\000\040\000d\000a\000n\000\040\000D\000a\000s\000a\000r\000\040\000T\000e\000o\000r\000i}{}% 18
\BOOKMARK [0][-]{chapter.3}{\376\377\000I\000I\000I\000\040\000M\000e\000t\000o\000d\000e\000\040\000P\000e\000n\000e\000l\000i\000t\000i\000a\000n}{}% 19
\BOOKMARK [1][-]{section.3.1}{\376\377\0003\000.\0001\000\040\000A\000l\000a\000t\000\040\000T\000u\000g\000a\000s\000\040\000A\000k\000h\000i\000r}{chapter.3}% 20
\BOOKMARK [1][-]{section.3.2}{\376\377\0003\000.\0002\000\040\000P\000e\000m\000o\000d\000e\000l\000a\000n\000\040\000S\000i\000s\000t\000e\000m}{chapter.3}% 21
\BOOKMARK [2][-]{subsection.3.2.1}{\376\377\0003\000.\0002\000.\0001\000\040\000M\000o\000d\000e\000l\000\040\000S\000i\000s\000t\000e\000m\000\040\000S\000P\000V}{section.3.2}% 22
\BOOKMARK [3][-]{subsubsection.3.2.1.1}{\376\377\0003\000.\0002\000.\0001\000.\0001\000\040\000M\000P\000P\000T\000\040\000d\000a\000n\000\040\000D\000C\000-\000D\000C\000\040\000B\000o\000o\000s\000t\000\040\000C\000o\000n\000v\000e\000r\000t\000e\000r}{subsection.3.2.1}% 23
\BOOKMARK [3][-]{subsubsection.3.2.1.2}{\376\377\0003\000.\0002\000.\0001\000.\0002\000\040\000B\000E\000S\000S}{subsection.3.2.1}% 24
\BOOKMARK [2][-]{subsection.3.2.2}{\376\377\0003\000.\0002\000.\0002\000\040\000M\000o\000d\000e\000l\000\040\000I\000n\000v\000e\000r\000t\000e\000r}{section.3.2}% 25
\BOOKMARK [3][-]{subsubsection.3.2.2.1}{\376\377\0003\000.\0002\000.\0002\000.\0001\000\040\000S\000i\000n\000k\000r\000o\000n\000i\000s\000a\000s\000i}{subsection.3.2.2}% 26
\BOOKMARK [3][-]{subsubsection.3.2.2.2}{\376\377\0003\000.\0002\000.\0002\000.\0002\000\040\000K\000o\000n\000t\000r\000o\000l\000\040\000I\000n\000v\000e\000r\000t\000e\000r}{subsection.3.2.2}% 27
\BOOKMARK [3][-]{subsubsection.3.2.2.3}{\376\377\0003\000.\0002\000.\0002\000.\0003\000\040\000F\000i\000l\000t\000e\000r\000\040\000L\000C\000L}{subsection.3.2.2}% 28
\BOOKMARK [2][-]{subsection.3.2.3}{\376\377\0003\000.\0002\000.\0003\000\040\000M\000o\000d\000e\000l\000\040\000K\000o\000n\000t\000r\000o\000l\000e\000r\000\040\000V\000i\000r\000t\000u\000a\000l\000\040\000I\000n\000e\000r\000t\000i\000a}{section.3.2}% 29
\BOOKMARK [2][-]{subsection.3.2.4}{\376\377\0003\000.\0002\000.\0004\000\040\000M\000o\000d\000e\000l\000\040\000J\000a\000r\000i\000n\000g\000a\000n}{section.3.2}% 30
\BOOKMARK [3][-]{subsubsection.3.2.4.1}{\376\377\0003\000.\0002\000.\0004\000.\0001\000\040\000G\000e\000n\000e\000r\000a\000t\000o\000r\000\040\000S\000i\000n\000k\000r\000o\000n}{subsection.3.2.4}% 31
\BOOKMARK [3][-]{subsubsection.3.2.4.2}{\376\377\0003\000.\0002\000.\0004\000.\0002\000\040\000S\000a\000l\000u\000r\000a\000n}{subsection.3.2.4}% 32
\BOOKMARK [3][-]{subsubsection.3.2.4.3}{\376\377\0003\000.\0002\000.\0004\000.\0003\000\040\000B\000e\000b\000a\000n}{subsection.3.2.4}% 33
\BOOKMARK [1][-]{section.3.3}{\376\377\0003\000.\0003\000\040\000V\000a\000l\000i\000d\000a\000s\000i\000\040\000m\000o\000d\000e\000l}{chapter.3}% 34
\BOOKMARK [2][-]{subsection.3.3.1}{\376\377\0003\000.\0003\000.\0001\000\040\000K\000o\000n\000f\000i\000g\000u\000r\000a\000s\000i\000\040\000s\000i\000s\000t\000e\000m\000\040\000d\000a\000n\000\040\000S\000L\000D}{section.3.3}% 35
\BOOKMARK [2][-]{subsection.3.3.2}{\376\377\0003\000.\0003\000.\0002\000\040\000H\000a\000s\000i\000l\000\040\000A\000l\000i\000r\000a\000n\000\040\000D\000a\000y\000a}{section.3.3}% 36
\BOOKMARK [3][-]{subsubsection.3.3.2.1}{\376\377\0003\000.\0003\000.\0002\000.\0001\000\040\000B\000a\000s\000e\000l\000i\000n\000e}{subsection.3.3.2}% 37
\BOOKMARK [3][-]{subsubsection.3.3.2.2}{\376\377\0003\000.\0003\000.\0002\000.\0002\000\040\000B\000a\000s\000e\000l\000i\000n\000e\000\040\000d\000e\000n\000g\000a\000n\000\040\000S\000P\000V}{subsection.3.3.2}% 38
\BOOKMARK [1][-]{section.3.4}{\376\377\0003\000.\0004\000\040\000S\000k\000e\000n\000a\000r\000i\000o\000\040\000P\000e\000n\000g\000u\000j\000i\000a\000n}{chapter.3}% 39
\BOOKMARK [2][-]{subsection.3.4.1}{\376\377\0003\000.\0004\000.\0001\000\040\000S\000k\000e\000n\000a\000r\000i\000o\000\040\000G\000a\000n\000g\000g\000u\000a\000n}{section.3.4}% 40
\BOOKMARK [2][-]{subsection.3.4.2}{\376\377\0003\000.\0004\000.\0002\000\040\000S\000k\000e\000n\000a\000r\000i\000o\000\040\000S\000i\000s\000t\000e\000m}{section.3.4}% 41
\BOOKMARK [1][-]{section.3.5}{\376\377\0003\000.\0005\000\040\000M\000e\000t\000r\000i\000k\000\040\000E\000v\000a\000l\000u\000a\000s\000i}{chapter.3}% 42
\BOOKMARK [0][-]{chapter.4}{\376\377\000I\000V\000\040\000H\000a\000s\000i\000l\000\040\000d\000a\000n\000\040\000P\000e\000m\000b\000a\000h\000a\000s\000a\000n}{}% 43
\BOOKMARK [1][-]{section.4.1}{\376\377\0004\000.\0001\000\040\000P\000e\000r\000b\000a\000n\000d\000i\000n\000g\000a\000n\000\040\000S\000k\000e\000n\000a\000r\000i\000o\000\040\0001\000\040\000d\000a\000n\000\040\000S\000k\000e\000n\000a\000r\000i\000o\000\040\0002}{chapter.4}% 44
\BOOKMARK [2][-]{subsection.4.1.1}{\376\377\0004\000.\0001\000.\0001\000\040\000D\000a\000m\000p\000a\000k\000\040\000k\000e\000\040\000K\000e\000c\000e\000p\000a\000t\000a\000n\000\040\000R\000o\000t\000o\000r\000\040\000G\000e\000n\000e\000r\000a\000t\000o\000r\000\040\0001}{section.4.1}% 45
\BOOKMARK [2][-]{subsection.4.1.2}{\376\377\0004\000.\0001\000.\0002\000\040\000D\000a\000m\000p\000a\000k\000\040\000k\000e\000\040\000S\000u\000d\000u\000t\000\040\000R\000o\000t\000o\000r\000\040\000G\000e\000n\000e\000r\000a\000t\000o\000r\000\040\0001}{section.4.1}% 46
\BOOKMARK [2][-]{subsection.4.1.3}{\376\377\0004\000.\0001\000.\0003\000\040\000D\000a\000t\000a\000\040\000H\000a\000s\000i\000l\000\040\000K\000e\000s\000e\000l\000u\000r\000u\000h\000a\000n}{section.4.1}% 47
\BOOKMARK [1][-]{section.4.2}{\376\377\0004\000.\0002\000\040\000P\000e\000r\000b\000a\000n\000d\000i\000n\000g\000a\000n\000\040\000S\000k\000e\000n\000a\000r\000i\000o\000\040\0002\000\040\000d\000a\000n\000\040\000S\000k\000e\000n\000a\000r\000i\000o\000\040\0003}{chapter.4}% 48
\BOOKMARK [2][-]{subsection.4.2.1}{\376\377\0004\000.\0002\000.\0001\000\040\000D\000a\000m\000p\000a\000k\000\040\000k\000e\000\040\000K\000e\000c\000e\000p\000a\000t\000a\000n\000\040\000R\000o\000t\000o\000r}{section.4.2}% 49
\BOOKMARK [2][-]{subsection.4.2.2}{\376\377\0004\000.\0002\000.\0002\000\040\000D\000a\000m\000p\000a\000k\000\040\000k\000e\000\040\000S\000u\000d\000u\000t\000\040\000R\000o\000t\000o\000r}{section.4.2}% 50
\BOOKMARK [1][-]{section.4.3}{\376\377\0004\000.\0003\000\040\000T\000e\000m\000u\000a\000n\000\040\000U\000t\000a\000m\000a}{chapter.4}% 51
\BOOKMARK [2][-]{subsection.4.3.1}{\376\377\0004\000.\0003\000.\0001\000\040\000E\000f\000e\000k\000\040\000D\000i\000n\000a\000m\000i\000k\000a\000\040\000I\000n\000t\000e\000g\000r\000a\000s\000i\000\040\000S\000P\000V}{section.4.3}% 52
\BOOKMARK [2][-]{subsection.4.3.2}{\376\377\0004\000.\0003\000.\0002\000\040\000K\000o\000n\000t\000r\000i\000b\000u\000s\000i\000\040\000I\000n\000t\000i\000\040\000d\000a\000r\000i\000\040\000V\000i\000r\000t\000u\000a\000l\000\040\000I\000n\000e\000r\000t\000i\000a}{section.4.3}% 53
\BOOKMARK [2][-]{subsection.4.3.3}{\376\377\0004\000.\0003\000.\0003\000\040\000K\000e\000t\000e\000r\000b\000a\000t\000a\000s\000a\000n\000\040\000V\000i\000r\000t\000u\000a\000l\000\040\000I\000n\000e\000r\000t\000i\000a}{section.4.3}% 54
\BOOKMARK [2][-]{subsection.4.3.4}{\376\377\0004\000.\0003\000.\0004\000\040\000D\000a\000m\000p\000a\000k\000\040\000d\000a\000r\000i\000\040\000l\000o\000k\000a\000s\000i\000\040\000G\000a\000n\000g\000g\000u\000a\000n}{section.4.3}% 55
\BOOKMARK [1][-]{section.4.4}{\376\377\0004\000.\0004\000\040\000P\000e\000r\000b\000a\000n\000d\000i\000n\000g\000a\000n\000\040\000d\000e\000n\000g\000a\000n\000\040\000H\000a\000s\000i\000l\000\040\000P\000e\000n\000e\000l\000i\000t\000i\000a\000n\000\040\000S\000e\000b\000e\000l\000u\000m\000n\000y\000a}{chapter.4}% 56
\BOOKMARK [0][-]{chapter.5}{\376\377\000V\000\040\000T\000a\000m\000b\000a\000h\000a\000n\000\040\000\050\000O\000p\000s\000i\000o\000n\000a\000l\000\051}{}% 57
\BOOKMARK [0][-]{chapter.6}{\376\377\000V\000I\000\040\000K\000e\000s\000i\000m\000p\000u\000l\000a\000n\000\040\000d\000a\000n\000\040\000S\000a\000r\000a\000n}{}% 58
\BOOKMARK [1][-]{section.6.1}{\376\377\0006\000.\0001\000\040\000K\000e\000s\000i\000m\000p\000u\000l\000a\000n}{chapter.6}% 59
\BOOKMARK [1][-]{section.6.2}{\376\377\0006\000.\0002\000\040\000S\000a\000r\000a\000n}{chapter.6}% 60
\BOOKMARK [0][-]{section*.49}{\376\377\000D\000A\000F\000T\000A\000R\000\040\000P\000U\000S\000T\000A\000K\000A}{}% 61
\BOOKMARK [0][-]{section*.51}{\376\377\000L\000A\000M\000P\000I\000R\000A\000N}{}% 62
\BOOKMARK [1][-]{section.Alph0.1}{\376\377\000L\000.\0001\000\040\000I\000s\000i\000\040\000L\000a\000m\000p\000i\000r\000a\000n}{section*.51}% 63
\BOOKMARK [1][-]{section.Alph0.2}{\376\377\000L\000.\0002\000\040\000P\000a\000n\000d\000u\000a\000n\000\040\000L\000a\000t\000e\000x}{section*.51}% 64
\BOOKMARK [2][-]{subsection.Alph0.2.1}{\376\377\000L\000.\0002\000.\0001\000\040\000S\000y\000n\000t\000a\000x\000\040\000D\000a\000s\000a\000r}{section.Alph0.2}% 65
\BOOKMARK [3][-]{subsubsection.Alph0.2.1.1}{\376\377\000L\000.\0002\000.\0001\000.\0001\000\040\000P\000e\000n\000g\000g\000u\000n\000a\000a\000n\000\040\000S\000i\000t\000a\000s\000i}{subsection.Alph0.2.1}% 66
\BOOKMARK [3][-]{subsubsection.Alph0.2.1.2}{\376\377\000L\000.\0002\000.\0001\000.\0002\000\040\000P\000e\000n\000u\000l\000i\000s\000a\000n\000\040\000G\000a\000m\000b\000a\000r}{subsection.Alph0.2.1}% 67
\BOOKMARK [3][-]{subsubsection.Alph0.2.1.3}{\376\377\000L\000.\0002\000.\0001\000.\0003\000\040\000P\000e\000n\000u\000l\000i\000s\000a\000n\000\040\000T\000a\000b\000e\000l}{subsection.Alph0.2.1}% 68
\BOOKMARK [3][-]{subsubsection.Alph0.2.1.4}{\376\377\000L\000.\0002\000.\0001\000.\0004\000\040\000P\000e\000n\000u\000l\000i\000s\000a\000n\000\040\000f\000o\000r\000m\000u\000l\000a}{subsection.Alph0.2.1}% 69
\BOOKMARK [3][-]{subsubsection.Alph0.2.1.5}{\376\377\000L\000.\0002\000.\0001\000.\0005\000\040\000C\000o\000n\000t\000o\000h\000\040\000l\000i\000s\000t}{subsection.Alph0.2.1}% 70
\BOOKMARK [2][-]{subsection.Alph0.2.2}{\376\377\000L\000.\0002\000.\0002\000\040\000B\000l\000o\000k\000\040\000B\000e\000d\000a\000\040\000H\000a\000l\000a\000m\000a\000n}{section.Alph0.2}% 71
\BOOKMARK [3][-]{subsubsection.Alph0.2.2.1}{\376\377\000L\000.\0002\000.\0002\000.\0001\000\040\000M\000e\000m\000b\000u\000a\000t\000\040\000a\000l\000g\000o\000r\000i\000t\000m\000a\000\040\000t\000e\000r\000p\000i\000s\000a\000h}{subsection.Alph0.2.2}% 72
\BOOKMARK [3][-]{subsubsection.Alph0.2.2.2}{\376\377\000L\000.\0002\000.\0002\000.\0002\000\040\000M\000e\000m\000b\000u\000a\000t\000\040\000t\000a\000b\000e\000l\000\040\000t\000e\000r\000p\000i\000s\000a\000h}{subsection.Alph0.2.2}% 73
\BOOKMARK [3][-]{subsubsection.Alph0.2.2.3}{\376\377\000L\000.\0002\000.\0002\000.\0003\000\040\000M\000e\000n\000u\000l\000i\000s\000\040\000f\000o\000r\000m\000u\000l\000a\000\040\000t\000e\000r\000p\000i\000s\000a\000h\000\040\000h\000a\000l\000a\000m\000a\000n}{subsection.Alph0.2.2}% 74
\BOOKMARK [1][-]{section.Alph0.3}{\376\377\000L\000.\0003\000\040\000F\000o\000r\000m\000a\000t\000\040\000P\000e\000n\000u\000l\000i\000s\000a\000n\000\040\000R\000e\000f\000e\000r\000e\000n\000s\000i}{section*.51}% 75
\BOOKMARK [2][-]{subsection.Alph0.3.1}{\376\377\000L\000.\0003\000.\0001\000\040\000B\000o\000o\000k}{section.Alph0.3}% 76
\BOOKMARK [2][-]{subsection.Alph0.3.2}{\376\377\000L\000.\0003\000.\0002\000\040\000H\000a\000n\000d\000b\000o\000o\000k}{section.Alph0.3}% 77
\BOOKMARK [1][-]{section.Alph0.4}{\376\377\000L\000.\0004\000\040\000C\000o\000n\000t\000o\000h\000\040\000S\000o\000u\000r\000c\000e\000\040\000C\000o\000d\000e}{section*.51}% 78
\BOOKMARK [2][-]{subsection.Alph0.4.1}{\376\377\000L\000.\0004\000.\0001\000\040\000S\000a\000m\000p\000l\000e\000\040\000a\000l\000g\000o\000r\000i\000t\000h\000m}{section.Alph0.4}% 79
\BOOKMARK [2][-]{subsection.Alph0.4.2}{\376\377\000L\000.\0004\000.\0002\000\040\000S\000a\000m\000p\000l\000e\000\040\000P\000y\000t\000h\000o\000n\000\040\000c\000o\000d\000e}{section.Alph0.4}% 80
\BOOKMARK [2][-]{subsection.Alph0.4.3}{\376\377\000L\000.\0004\000.\0003\000\040\000S\000a\000m\000p\000l\000e\000\040\000M\000a\000t\000l\000a\000b\000\040\000c\000o\000d\000e}{section.Alph0.4}% 81
